#
# There is insufficient memory for the Java Runtime Environment to continue.
# Native memory allocation (mmap) failed to map 534773760 bytes for Failed to commit area from 0x0000000602400000 to 0x0000000622200000 of length 534773760.
# Possible reasons:
#   The system is out of physical RAM or swap space
#   The process is running with CompressedOops enabled, and the Java Heap may be blocking the growth of the native heap
# Possible solutions:
#   Reduce memory load on the system
#   Increase physical memory or swap space
#   Check if swap backing store is full
#   Decrease Java heap size (-Xmx/-Xms)
#   Decrease number of Java threads
#   Decrease Java thread stack sizes (-Xss)
#   Set larger code cache with -XX:ReservedCodeCacheSize=
# This output file may be truncated or incomplete.
#
#  Out of Memory Error (./src/hotspot/os/windows/os_windows.cpp:3390), pid=27936, tid=21208
#
# JRE version:  (11.0.15+10) (build )
# Java VM: OpenJDK 64-Bit Server VM (11.0.15+10, mixed mode, sharing, tiered, compressed oops, g1 gc, windows-amd64)
# No core dump will be written. Minidumps are not enabled by default on client versions of Windows
#

---------------  S U M M A R Y ------------

Command Line: org.jetbrains.kotlin.cli.jvm.K2JVMCompiler @C:\Users\jogando\Documents\TestReactNative\EmotionsAPPClient\node_modules\expo-modules-core\android\build\20221215_16188002555738566153.compiler.options

Host: Intel(R) Core(TM) i7-9750H CPU @ 2.60GHz, 12 cores, 31G,  Windows 10 , 64 bit Build 19041 (10.0.19041.2251)
Time: Thu Dec 15 17:02:40 2022 SA Western Standard Time elapsed time: 0.090377 seconds (0d 0h 0m 0s)

---------------  T H R E A D  ---------------

Current thread (0x0000020c1fb46000):  JavaThread "Unknown thread" [_thread_in_vm, id=21208, stack(0x000000f5f9600000,0x000000f5f9700000)]

Stack: [0x000000f5f9600000,0x000000f5f9700000]
Native frames: (J=compiled Java code, j=interpreted, Vv=VM code, C=native code)
V  [jvm.dll+0x64dd3a]
V  [jvm.dll+0x7906c9]
V  [jvm.dll+0x791d9c]
V  [jvm.dll+0x792463]
V  [jvm.dll+0x265048]
V  [jvm.dll+0x64ac9a]
V  [jvm.dll+0x63f205]
V  [jvm.dll+0x32090c]
V  [jvm.dll+0x320792]
V  [jvm.dll+0x326076]
V  [jvm.dll+0x374b2f]
V  [jvm.dll+0x374550]
V  [jvm.dll+0x2fbec8]
V  [jvm.dll+0x2fd036]
V  [jvm.dll+0x769e77]
V  [jvm.dll+0x76b63f]
V  [jvm.dll+0x3819c9]
V  [jvm.dll+0x74c60e]
V  [jvm.dll+0x3f489d]
V  [jvm.dll+0x3f6ab1]
C  [jli.dll+0x51c7]
C  [ucrtbase.dll+0x21bb2]
C  [KERNEL32.DLL+0x174b4]
C  [ntdll.dll+0x526a1]


---------------  P R O C E S S  ---------------

Threads class SMR info:
_java_thread_list=0x0000020c1da33ed0, length=0, elements={
}

Java Threads: ( => current thread )

Other Threads:
  0x0000020c1fb5e000 GCTaskThread "GC Thread#0" [stack: 0x000000f5f9700000,0x000000f5f9800000] [id=4724]
  0x0000020c1fbdf800 ConcurrentGCThread "G1 Main Marker" [stack: 0x000000f5f9800000,0x000000f5f9900000] [id=39840]
  0x0000020c1fbe0800 ConcurrentGCThread "G1 Conc#0" [stack: 0x000000f5f9900000,0x000000f5f9a00000] [id=21212]

[error occurred during error reporting (printing all threads), id 0xc0000005, EXCEPTION_ACCESS_VIOLATION (0xc0000005) at pc=0x00007ff8d62db8e7]

VM state:not at safepoint (not fully initialized)

VM Mutex/Monitor currently owned by a thread:  ([mutex/lock_event])
[0x0000020c1fb42a00] Heap_lock - owner thread: 0x0000020c1fb46000

Heap address: 0x0000000602400000, size: 8156 MB, Compressed Oops mode: Non-zero based: 0x0000000602400000
Narrow klass base: 0x0000000000000000, Narrow klass shift: 0

GC Heap History (0 events):
No events

Deoptimization events (0 events):
No events

Classes redefined (0 events):
No events

Internal exceptions (0 events):
No events

Events (1 events):
Event: 0.035 Loaded shared library C:\Program Files\OpenJDK\openjdk-11.0.15_10\bin\zip.dll


Dynamic libraries:
0x00007ff604e50000 - 0x00007ff604e5d000 	C:\Program Files\OpenJDK\openjdk-11.0.15_10\bin\java.exe
0x00007ff91a630000 - 0x00007ff91a828000 	C:\Windows\SYSTEM32\ntdll.dll
0x00007ff8f3090000 - 0x00007ff8f30a7000 	C:\Program Files\Avast Software\Avast\aswhook.dll
0x00007ff91a500000 - 0x00007ff91a5bf000 	C:\Windows\System32\KERNEL32.DLL
0x00007ff917f40000 - 0x00007ff918212000 	C:\Windows\System32\KERNELBASE.dll
0x00007ff918530000 - 0x00007ff918630000 	C:\Windows\System32\ucrtbase.dll
0x00007ff90e280000 - 0x00007ff90e298000 	C:\Program Files\OpenJDK\openjdk-11.0.15_10\bin\jli.dll
0x00007ff90e670000 - 0x00007ff90e686000 	C:\Program Files\OpenJDK\openjdk-11.0.15_10\bin\VCRUNTIME140.dll
0x00007ff919f20000 - 0x00007ff91a0bd000 	C:\Windows\System32\USER32.dll
0x00007ff917e40000 - 0x00007ff917e62000 	C:\Windows\System32\win32u.dll
0x00007ff90f2c0000 - 0x00007ff90f55a000 	C:\Windows\WinSxS\amd64_microsoft.windows.common-controls_6595b64144ccf1df_6.0.19041.1110_none_60b5254171f9507e\COMCTL32.dll
0x00007ff91a5c0000 - 0x00007ff91a5eb000 	C:\Windows\System32\GDI32.dll
0x00007ff9194a0000 - 0x00007ff91953e000 	C:\Windows\System32\msvcrt.dll
0x00007ff917d30000 - 0x00007ff917e3f000 	C:\Windows\System32\gdi32full.dll
0x00007ff917ea0000 - 0x00007ff917f3d000 	C:\Windows\System32\msvcp_win.dll
0x00007ff919540000 - 0x00007ff919572000 	C:\Windows\System32\IMM32.DLL
0x00007ff8f4e50000 - 0x00007ff8f4efa000 	C:\Program Files\OpenJDK\openjdk-11.0.15_10\bin\msvcp140.dll
0x00007ff8d5fd0000 - 0x00007ff8d6b21000 	C:\Program Files\OpenJDK\openjdk-11.0.15_10\bin\server\jvm.dll
0x00007ff918c30000 - 0x00007ff918cde000 	C:\Windows\System32\ADVAPI32.dll
0x00007ff919db0000 - 0x00007ff919e4c000 	C:\Windows\System32\sechost.dll
0x00007ff918ef0000 - 0x00007ff919015000 	C:\Windows\System32\RPCRT4.dll
0x00007ff918870000 - 0x00007ff918878000 	C:\Windows\System32\PSAPI.DLL
0x00007ff9000a0000 - 0x00007ff9000a9000 	C:\Windows\SYSTEM32\WSOCK32.dll
0x00007ff908420000 - 0x00007ff908447000 	C:\Windows\SYSTEM32\WINMM.dll
0x00007ff919eb0000 - 0x00007ff919f1b000 	C:\Windows\System32\WS2_32.dll
0x00007ff910380000 - 0x00007ff91038a000 	C:\Windows\SYSTEM32\VERSION.dll
0x00007ff916590000 - 0x00007ff9165a2000 	C:\Windows\SYSTEM32\kernel.appcore.dll
0x00007ff90e260000 - 0x00007ff90e271000 	C:\Program Files\OpenJDK\openjdk-11.0.15_10\bin\verify.dll
0x00007ff915ab0000 - 0x00007ff915c94000 	C:\Windows\SYSTEM32\DBGHELP.DLL
0x00007ff90f0b0000 - 0x00007ff90f0dc000 	C:\Windows\SYSTEM32\dbgcore.DLL
0x00007ff918220000 - 0x00007ff9182a2000 	C:\Windows\System32\bcryptPrimitives.dll
0x00007ff90cf70000 - 0x00007ff90cf99000 	C:\Program Files\OpenJDK\openjdk-11.0.15_10\bin\java.dll
0x00007ff9131a0000 - 0x00007ff9131aa000 	C:\Program Files\OpenJDK\openjdk-11.0.15_10\bin\jimage.dll
0x00007ff9000b0000 - 0x00007ff9000c8000 	C:\Program Files\OpenJDK\openjdk-11.0.15_10\bin\zip.dll

dbghelp: loaded successfully - version: 4.0.5 - missing functions: none
symbol engine: initialized successfully - sym options: 0x614 - pdb path: .;C:\Program Files\OpenJDK\openjdk-11.0.15_10\bin;C:\Windows\SYSTEM32;C:\Program Files\Avast Software\Avast;C:\Windows\WinSxS\amd64_microsoft.windows.common-controls_6595b64144ccf1df_6.0.19041.1110_none_60b5254171f9507e;C:\Program Files\OpenJDK\openjdk-11.0.15_10\bin\server

VM Arguments:
java_command: org.jetbrains.kotlin.cli.jvm.K2JVMCompiler @C:\Users\jogando\Documents\TestReactNative\EmotionsAPPClient\node_modules\expo-modules-core\android\build\20221215_16188002555738566153.compiler.options
java_class_path (initial): C:\Users\jogando\.gradle\caches\modules-2\files-2.1\org.jetbrains.kotlin\kotlin-compiler-embeddable\1.6.10\88f2073f4020cdb83132cfe940ceb9a60aba54ea\kotlin-compiler-embeddable-1.6.10.jar;C:\Users\jogando\.gradle\caches\modules-2\files-2.1\org.jetbrains.kotlin\kotlin-reflect\1.6.10\1cbe9c92c12a94eea200d23c2bbaedaf3daf5132\kotlin-reflect-1.6.10.jar;C:\Users\jogando\.gradle\caches\modules-2\files-2.1\org.jetbrains.kotlin\kotlin-stdlib\1.6.10\b8af3fe6f1ca88526914929add63cf5e7c5049af\kotlin-stdlib-1.6.10.jar;C:\Users\jogando\.gradle\caches\modules-2\files-2.1\org.jetbrains.kotlin\kotlin-script-runtime\1.6.10\d0a7ff2e2500ef497ed0214ae40ad3c8387a6164\kotlin-script-runtime-1.6.10.jar;C:\Users\jogando\.gradle\caches\modules-2\files-2.1\org.jetbrains.kotlin\kotlin-daemon-embeddable\1.6.10\a56d79bcbea411fa6058e4ecffc2de73e742bd2a\kotlin-daemon-embeddable-1.6.10.jar;C:\Users\jogando\.gradle\caches\modules-2\files-2.1\org.jetbrains.intellij.deps\trove4j\1.0.20181211\216c2e14b070f334479d800987affe4054cd563f\trove4j-1.0.20181211.jar;C:\Users\jogando\.gradle\caches\modules-2\files-2.1\net.java.dev.jna\jna\5.6.0\330f2244e9030119ab3030fc3fededc86713d9cc\jna-5.6.0.jar;C:\Users\jogando\.gradle\caches\modules-2\files-2.1\org.jetbrains\annotations\13.0\919f0dfe192fb4e063e7dacadee7f8bb9a2672a9\annotations-13.0.jar;C:\Users\jogando\.gradle\caches\modules-2\files-2.1\org.jetbrains.kotlin\kotlin-stdlib-common\1.6.10\c118700e3a33c8a0d9adc920e9dec0831171925\kotlin-stdlib-common-1.6.10.jar
Launcher Type: SUN_STANDARD

[Global flags]
     intx CICompilerCount                          = 4                                         {product} {ergonomic}
     uint ConcGCThreads                            = 3                                         {product} {ergonomic}
     uint G1ConcRefinementThreads                  = 10                                        {product} {ergonomic}
   size_t G1HeapRegionSize                         = 2097152                                   {product} {ergonomic}
    uintx GCDrainStackTargetSize                   = 64                                        {product} {ergonomic}
   size_t InitialHeapSize                          = 534773760                                 {product} {ergonomic}
   size_t MarkStackSize                            = 4194304                                   {product} {ergonomic}
   size_t MaxHeapSize                              = 8552185856                                {product} {ergonomic}
   size_t MinHeapDeltaBytes                        = 2097152                                   {product} {ergonomic}
    uintx NonNMethodCodeHeapSize                   = 5836300                                {pd product} {ergonomic}
    uintx NonProfiledCodeHeapSize                  = 122910970                              {pd product} {ergonomic}
    uintx ProfiledCodeHeapSize                     = 122910970                              {pd product} {ergonomic}
    uintx ReservedCodeCacheSize                    = 251658240                              {pd product} {ergonomic}
     bool SegmentedCodeCache                       = true                                      {product} {ergonomic}
     bool UseCompressedClassPointers               = true                                 {lp64_product} {ergonomic}
     bool UseCompressedOops                        = true                                 {lp64_product} {ergonomic}
     bool UseG1GC                                  = true                                      {product} {ergonomic}
     bool UseLargePagesIndividualAllocation        = false                                  {pd product} {ergonomic}

Logging:
Log output configuration:
 #0: stdout all=warning uptime,level,tags
 #1: stderr all=off uptime,level,tags

Environment Variables:
JAVA_HOME=C:\Program Files\OpenJDK\openjdk-11.0.15_10
CLASSPATH=C:\Users\jogando\Documents\TestReactNative\EmotionsAPPClient\android\\gradle\wrapper\gradle-wrapper.jar
PATH=C:\Users\jogando\Documents\TestReactNative\EmotionsAPPClient\node_modules\.bin;C:\Users\jogando\Documents\TestReactNative\node_modules\.bin;C:\Users\jogando\Documents\node_modules\.bin;C:\Users\jogando\node_modules\.bin;C:\Users\node_modules\.bin;C:\node_modules\.bin;C:\Program Files\nodejs\node_modules\npm\node_modules\@npmcli\run-script\lib\node-gyp-bin;C:\Program Files (x86)\Microsoft SDKs\Azure\CLI2\wbin;C:\Python310\Scripts\;C:\Python310\;C:\Program Files\Microsoft\jdk-11.0.12.7-hotspot\bin;C:\Windows\system32;C:\Windows;C:\Windows\System32\Wbem;C:\Windows\System32\WindowsPowerShell\v1.0\;C:\Windows\System32\OpenSSH\;C:\Program Files\Microsoft VS Code\bin;C:\Program Files\Microsoft SQL Server\150\Tools\Binn\;C:\Program Files\Microsoft SQL Server\Client SDK\ODBC\170\Tools\Binn\;C:\Program Files\dotnet\;C:\Program Files (x86)\Microsoft SQL Server\150\Tools\Binn\;C:\Program Files\Microsoft SQL Server\150\DTS\Binn\;C:\Program Files\Git\cmd;C:\ProgramData\chocolatey\bin;C:\Program Files (x86)\Microsoft SQL Server\150\DTS\Binn\;C:\Program Files\Azure Data Studio\bin;C:\Program Files\nodejs\;C:\Program Files\OpenJDK\openjdk-11.0.15_10\bin;C:\Program Files\Go\bin;C:\Program Files\Docker\Docker\resources\bin;C:\Users\jogando\AppData\Local\Microsoft\WindowsApps;C:\Users\jogando\AppData\Local\Programs\Microsoft VS Code\bin;C:\Users\jogando\.dotnet\tools;C:\Program Files\Azure Data Studio\bin;C:\Users\jogando\AppData\Local\Programs\mongosh\;C:\Users\jogando\AppData\Roaming\npm;C:\Users\jogando\AppData\Local\Android\Sdk\platform-tools;C:\Users\jogando\AppData\Local\GitHubDesktop\bin;C:\Users\jogando\go\bin;C:\Users\jogando\Documents\TestReactNative\EmotionsAPPClient\node_modules\.bin
USERNAME=jogando
OS=Windows_NT
PROCESSOR_IDENTIFIER=Intel64 Family 6 Model 158 Stepping 10, GenuineIntel



---------------  S Y S T E M  ---------------

OS: Windows 10 , 64 bit Build 19041 (10.0.19041.2251)
OS uptime: 8 days 0:10 hours
Hyper-V role detected

CPU:total 12 (initial active 12) (6 cores per cpu, 2 threads per core) family 6 model 158 stepping 10 microcode 0xca, cmov, cx8, fxsr, mmx, sse, sse2, sse3, ssse3, sse4.1, sse4.2, popcnt, avx, avx2, aes, clmul, erms, 3dnowpref, lzcnt, ht, tsc, tscinvbit, bmi1, bmi2, adx, fma

Memory: 4k page, system-wide physical 32618M (11577M free)
TotalPageFile size 61157M (AvailPageFile size 152M)
current process WorkingSet (physical memory assigned to process): 10M, peak: 10M
current process commit charge ("private bytes"): 65M, peak: 575M

vm_info: OpenJDK 64-Bit Server VM (11.0.15+10) for windows-amd64 JRE (11.0.15+10), built on Apr 21 2022 21:29:46 by "tester" with MS VC++ 15.5 (VS2017)

END.
